20160314 10:39:59  ubug_html_download - sp_net_html_download -> "finance.chinanews.com" - "Unknown host"
20160314 10:39:59  ubug_html_download - sp_net_html_download -> "www.yangtse.com" - "Unknown host"
20160314 10:39:59  ubug_html_download - sp_net_html_download -> "finance.ynet.com" - "Unknown host"
20160314 10:40:00  ubug_html_download - sp_net_html_download -> "finance.qq.com" - "Unknown host"
20160314 10:40:00  ubug_html_download - sp_net_html_download -> "www.p5w.net" - "Unknown host"
20160314 10:40:00  ubug_html_download - sp_net_html_download -> "www.ccstock.cn" - "Unknown host"
20160314 10:40:00  ubug_html_download - sp_net_html_download -> "www.eeo.com.cn" - "Unknown host"
20160314 10:40:00  ubug_html_download - sp_net_html_download -> "www.nbd.com.cn" - "Unknown host"
20160314 10:40:01  ubug_html_download - sp_net_html_download -> "www.time-weekly.com" - "Unknown host"
20160314 10:40:01  ubug_html_download - sp_net_html_download -> "finance.youth.cn" - "Unknown host"
20160314 10:40:01  ubug_html_download - sp_net_html_download -> "www.p5w.net" - "Unknown host"
20160314 10:40:01  ubug_html_download - sp_net_html_download -> "www.ccstock.cn" - "Unknown host"
20160314 10:40:01  ubug_html_download - sp_net_html_download -> "www.eeo.com.cn" - "Unknown host"
20160314 10:40:02  ubug_html_download - sp_net_html_download -> "www.p5w.net" - "Unknown host"
20160314 10:40:02  ubug_html_download - sp_net_html_download -> "www.ccstock.cn" - "Unknown host"
20160314 10:40:02  ubug_html_download - sp_net_html_download -> "www.eeo.com.cn" - "Unknown host"
20160314 10:40:02  ubug_html_download - sp_net_html_download -> "www.time-weekly.com" - "Unknown host"
20160314 10:40:03  ubug_html_download - sp_net_html_download -> "www.p5w.net" - "Unknown host"
20160314 10:40:03  ubug_html_download - sp_net_html_download -> "www.ccstock.cn" - "Unknown host"
20160314 10:40:03  ubug_html_download - sp_net_html_download -> "www.eeo.com.cn" - "Unknown host"
20160314 10:40:03  ubug_html_download - sp_net_html_download -> "www.time-weekly.com" - "Unknown host"
20160314 10:40:04  ubug_html_download - sp_net_html_download -> "finance.youth.cn" - "Unknown host"
20160314 10:40:04  ubug_html_download - sp_net_html_download -> "www.ccstock.cn" - "Unknown host"
20160314 10:40:04  ubug_html_download - sp_net_html_download -> "news.nbd.com.cn" - "No address associated with name"
20160314 10:40:05  ubug_html_download - sp_net_html_download -> "www.ccstock.cn" - "Unknown host"
20160314 10:40:05  ubug_html_download - sp_net_html_download -> "company.nbd.com.cn" - "No address associated with name"
20160314 10:40:05  ubug_html_download - sp_net_html_download -> "www.time-weekly.com" - "Unknown host"
20160314 10:40:05  ubug_html_download - sp_net_html_download -> "www.ccstock.cn" - "Unknown host"
20160314 10:40:06  ubug_html_download - sp_net_html_download -> "finance.qq.com" - "Unknown host"
20160314 10:40:06  ubug_html_download - sp_net_html_download -> "www.ccstock.cn" - "Unknown host"
20160314 10:40:06  ubug_html_download - sp_net_html_download -> "www.time-weekly.com" - "Unknown host"
20160314 10:40:07  ubug_html_download - sp_net_html_download -> "finance.qq.com" - "Unknown host"
20160314 10:40:08  ubug_html_download - sp_net_html_download -> "finance.youth.cn" - "Unknown host"
20160314 10:40:08  ubug_html_download - sp_net_html_download -> "finance.youth.cn" - "Unknown host"
20160314 10:40:08  ubug_html_download - sp_net_html_download -> "finance.youth.cn" - "Unknown host"
20160314 10:40:15  ubug_html_download - sp_net_html_download -> "finance.youth.cn" - "Unknown host"
20160314 10:40:16  ubug_html_download - sp_net_html_download -> "finance.ynet.com" - "Unknown host"
20160314 10:40:16  ubug_html_download - sp_net_html_download -> "finance.youth.cn" - "Unknown host"
20160314 10:40:17  ubug_html_download - sp_net_html_download -> "finance.ynet.com" - "Unknown host"
20160314 10:40:17  ubug_html_download - sp_net_html_download -> "finance.youth.cn" - "Unknown host"
20160314 10:40:17  ubug_html_download - sp_net_html_download -> "roll.cnr.cn" - "Unknown host"
20160314 10:40:18  ubug_html_download - sp_net_html_download -> "finance.ynet.com" - "Unknown host"
20160314 10:40:18  ubug_html_download - sp_net_html_download -> "finance.people.com.cn" - "Unknown host"
20160314 10:40:18  ubug_html_download - sp_net_html_download -> "finance.ifeng.com" - "Unknown host"
20160314 10:40:18  ubug_html_download - sp_net_html_download -> "finance.ifeng.com" - "Unknown host"
20160314 10:40:20  ubug_html_download - sp_net_html_download -> "finance.qq.com" - "Unknown host"
20160314 10:40:20  ubug_html_download - sp_net_html_download -> "www.xinhuanet.com" - "Unknown host"
20160314 10:40:21  ubug_html_download - sp_net_html_download -> "channel.chinanews.com" - "Unknown host"
20160314 10:40:21  ubug_html_download - sp_net_html_download -> "finance.ifeng.com" - "Unknown host"
20160314 10:40:21  ubug_html_download - sp_net_html_download -> "finance.ifeng.com" - "Unknown host"
20160314 10:40:21  ubug_html_download - sp_net_html_download -> "money.163.com" - "Unknown host"
20160314 10:40:21  ubug_html_download - sp_net_html_download -> "finance.ifeng.com" - "Unknown host"
20160314 10:40:21  ubug_html_download - sp_net_html_download -> "finance.ifeng.com" - "Unknown host"
20160314 10:40:21  ubug_html_download - sp_net_html_download -> "finance.china.com.cn" - "Unknown host"
20160314 10:40:21  ubug_html_download - sp_net_html_download -> "www.time-weekly.com" - "Unknown host"
20160314 10:40:22  ubug_html_download - sp_net_html_download -> "finance.china.com.cn" - "Unknown host"
20160314 10:40:22  ubug_html_download - sp_net_html_download -> "money.163.com" - "Unknown host"
20160314 10:40:22  ubug_html_download - sp_net_html_download -> "finance.china.com.cn" - "Unknown host"
20160314 10:40:22  ubug_html_download - sp_net_html_download -> "jingji.cntv.cn" - "Unknown host"
20160314 10:40:22  ubug_html_download - sp_net_html_download -> "jingji.cntv.cn" - "Unknown host"
20160314 10:40:22  ubug_html_download - sp_net_html_download -> "money.163.com" - "Unknown host"
20160314 10:40:22  ubug_html_download - sp_net_html_download -> "stock.hexun.com" - "Unknown host"
20160314 10:40:23  ubug_html_download - sp_net_html_download -> "channel.chinanews.com" - "Unknown host"
20160314 10:40:23  ubug_html_download - sp_net_html_download -> "www.yangtse.com" - "Unknown host"
20160314 10:40:23  ubug_html_download - sp_net_html_download -> "finance.ynet.com" - "Unknown host"
20160314 11:02:57  ubug_html_download - sp_net_html_download -> "www.yangtse.com" - "Unknown host"
20160314 11:02:57  ubug_html_download - sp_net_html_download -> "finance.ynet.com" - "Unknown host"
20160314 11:03:03  ubug_html_download - sp_net_html_download -> "finance.qq.com" - "Unknown host"
20160314 11:03:03  ubug_html_download - sp_net_html_download -> "www.p5w.net" - "Unknown host"
20160314 11:03:03  ubug_html_download - sp_net_html_download -> "www.ccstock.cn" - "Unknown host"
20160314 11:03:03  ubug_html_download - sp_net_html_download -> "www.eeo.com.cn" - "Unknown host"
20160314 11:03:03  ubug_html_download - sp_net_html_download -> "www.nbd.com.cn" - "Unknown host"
20160314 11:03:03  ubug_html_download - sp_net_html_download -> "www.time-weekly.com" - "Unknown host"
20160314 11:03:06  ubug_html_download - sp_net_html_download -> "finance.youth.cn" - "Unknown host"
20160314 11:03:06  ubug_html_download - sp_net_html_download -> "www.p5w.net" - "Unknown host"
20160314 11:03:06  ubug_html_download - sp_net_html_download -> "www.ccstock.cn" - "Unknown host"
20160314 11:03:06  ubug_html_download - sp_net_html_download -> "www.eeo.com.cn" - "Unknown host"
20160314 11:03:07  ubug_html_download - sp_net_html_download -> "www.p5w.net" - "Unknown host"
20160314 11:03:07  ubug_html_download - sp_net_html_download -> "www.ccstock.cn" - "Unknown host"
20160314 11:03:07  ubug_html_download - sp_net_html_download -> "www.eeo.com.cn" - "Unknown host"
20160314 11:03:07  ubug_html_download - sp_net_html_download -> "www.time-weekly.com" - "Unknown host"
20160314 11:03:09  ubug_html_download - sp_net_html_download -> "www.p5w.net" - "Unknown host"
20160314 11:03:09  ubug_html_download - sp_net_html_download -> "www.ccstock.cn" - "Unknown host"
20160314 11:03:09  ubug_html_download - sp_net_html_download -> "www.eeo.com.cn" - "Unknown host"
20160314 11:03:11  ubug_html_download - sp_net_html_download -> "www.time-weekly.com" - "Unknown host"
20160314 11:03:15  ubug_html_download - sp_net_html_download -> "finance.youth.cn" - "Unknown host"
20160314 11:03:17  ubug_html_download - sp_net_html_download -> "www.ccstock.cn" - "Unknown host"
20160314 11:03:17  ubug_html_download - sp_net_html_download -> "news.nbd.com.cn" - "No address associated with name"
20160314 11:03:18  ubug_html_download - sp_net_html_download -> "www.ccstock.cn" - "Unknown host"
20160314 11:03:18  ubug_html_download - sp_net_html_download -> "company.nbd.com.cn" - "No address associated with name"
20160314 11:03:18  ubug_html_download - sp_net_html_download -> "www.time-weekly.com" - "Unknown host"
20160314 11:03:18  ubug_html_download - sp_net_html_download -> "www.ccstock.cn" - "Unknown host"
20160314 11:03:22  ubug_html_download - sp_net_html_download -> "www.ccstock.cn" - "Unknown host"
20160314 11:03:22  ubug_html_download - sp_net_html_download -> "www.time-weekly.com" - "Unknown host"
20160314 11:03:24  ubug_html_download - sp_net_html_download -> "finance.qq.com" - "Unknown host"
20160314 11:03:25  ubug_html_download - sp_net_html_download -> "roll.cnr.cn" - "Unknown host"
20160314 11:03:28  ubug_html_download - sp_net_html_download -> "finance.youth.cn" - "Unknown host"
20160314 11:03:28  ubug_html_download - sp_net_html_download -> "finance.youth.cn" - "Unknown host"
20160314 11:03:29  ubug_html_download - sp_net_html_download -> "finance.youth.cn" - "Unknown host"
20160314 11:03:33  ubug_html_download - sp_net_html_download -> "finance.youth.cn" - "Unknown host"
20160314 11:03:39  ubug_html_download - sp_net_html_download -> "finance.ynet.com" - "Unknown host"
20160314 11:03:39  ubug_html_download - sp_net_html_download -> "finance.youth.cn" - "Unknown host"
20160314 11:03:44  ubug_html_download - sp_net_html_download -> "finance.ynet.com" - "Unknown host"
20160314 11:03:44  ubug_html_download - sp_net_html_download -> "finance.youth.cn" - "Unknown host"
20160314 11:03:44  ubug_html_download - sp_net_html_download -> "roll.cnr.cn" - "Unknown host"
20160314 11:03:45  ubug_html_download - sp_net_html_download -> "finance.ynet.com" - "Unknown host"
20160314 11:03:45  ubug_html_download - sp_net_html_download -> "finance.people.com.cn" - "Unknown host"
20160314 11:03:45  ubug_html_download - sp_net_html_download -> "finance.ifeng.com" - "Unknown host"
20160314 11:03:46  ubug_html_download - sp_net_html_download -> "finance.ifeng.com" - "Unknown host"
20160314 11:03:53  ubug_html_download - sp_net_html_download -> "finance.qq.com" - "Unknown host"
20160314 11:03:56  ubug_html_download - sp_net_html_download -> "www.xinhuanet.com" - "Unknown host"
20160314 11:03:59  ubug_html_download - sp_net_html_download -> "channel.chinanews.com" - "Unknown host"
20160314 11:04:00  ubug_html_download - sp_net_html_download -> "finance.ifeng.com" - "Unknown host"
20160314 11:04:00  ubug_html_download - sp_net_html_download -> "finance.ifeng.com" - "Unknown host"
20160314 11:04:00  ubug_html_download - sp_net_html_download -> "money.163.com" - "Unknown host"
20160314 11:04:00  ubug_html_download - sp_net_html_download -> "finance.ifeng.com" - "Unknown host"
20160314 11:04:07  ubug_html_download - sp_net_html_download -> "finance.ifeng.com" - "Unknown host"
20160314 11:04:07  ubug_html_download - sp_net_html_download -> "finance.china.com.cn" - "Unknown host"
20160314 11:04:07  ubug_html_download - sp_net_html_download -> "www.time-weekly.com" - "Unknown host"
20160314 11:04:08  ubug_html_download - sp_net_html_download -> "finance.china.com.cn" - "Unknown host"
20160314 11:04:08  ubug_html_download - sp_net_html_download -> "money.163.com" - "Unknown host"
20160314 11:04:08  ubug_html_download - sp_net_html_download -> "finance.china.com.cn" - "Unknown host"
20160314 11:04:08  ubug_html_download - sp_net_html_download -> "jingji.cntv.cn" - "Unknown host"
20160314 11:04:09  ubug_html_download - sp_net_html_download -> "jingji.cntv.cn" - "Unknown host"
20160314 11:04:09  ubug_html_download - sp_net_html_download -> "money.163.com" - "Unknown host"
20160314 11:04:09  ubug_html_download - sp_net_html_download -> "stock.hexun.com" - "Unknown host"
20160314 11:04:14  ubug_html_download - sp_net_html_download -> "channel.chinanews.com" - "Unknown host"
20160314 11:04:14  ubug_html_download - sp_net_html_download -> "www.yangtse.com" - "Unknown host"
20160314 11:04:14  ubug_html_download - sp_net_html_download -> "finance.ynet.com" - "Unknown host"
20160314 11:17:55  ubug_html_download - sp_net_html_download -> "www.yangtse.com" - "Unknown host"
20160314 11:17:55  ubug_html_download - sp_net_html_download -> "finance.ynet.com" - "Unknown host"
20160314 11:18:33  ubug_html_download - sp_net_html_download -> "finance.qq.com" - "Unknown host"
20160314 11:18:33  ubug_html_download - sp_net_html_download -> "www.p5w.net" - "Unknown host"
20160314 11:18:33  ubug_html_download - sp_net_html_download -> "www.ccstock.cn" - "Unknown host"
20160314 11:18:33  ubug_html_download - sp_net_html_download -> "www.eeo.com.cn" - "Unknown host"
20160314 11:18:33  ubug_html_download - sp_net_html_download -> "www.nbd.com.cn" - "Unknown host"
20160314 11:18:34  ubug_html_download - sp_net_html_download -> "www.time-weekly.com" - "Unknown host"
20160314 11:18:47  ubug_html_download - sp_net_html_download -> "finance.youth.cn" - "Unknown host"
20160314 11:18:47  ubug_html_download - sp_net_html_download -> "www.p5w.net" - "Unknown host"
20160314 11:18:47  ubug_html_download - sp_net_html_download -> "www.ccstock.cn" - "Unknown host"
20160314 11:18:48  ubug_html_download - sp_net_html_download -> "www.eeo.com.cn" - "Unknown host"
20160314 11:18:48  ubug_html_download - sp_net_html_download -> "www.p5w.net" - "Unknown host"
20160314 11:18:48  ubug_html_download - sp_net_html_download -> "www.ccstock.cn" - "Unknown host"
20160314 11:18:48  ubug_html_download - sp_net_html_download -> "www.eeo.com.cn" - "Unknown host"
20160314 11:18:48  ubug_html_download - sp_net_html_download -> "www.time-weekly.com" - "Unknown host"
20160314 11:19:02  ubug_html_download - sp_net_html_download -> "www.p5w.net" - "Unknown host"
20160314 11:19:02  ubug_html_download - sp_net_html_download -> "www.ccstock.cn" - "Unknown host"
20160314 11:19:02  ubug_html_download - sp_net_html_download -> "www.eeo.com.cn" - "Unknown host"
20160314 11:19:13  ubug_html_download - sp_net_html_download -> "www.time-weekly.com" - "Unknown host"
20160314 11:19:51  ubug_html_download - sp_net_html_download -> "finance.youth.cn" - "Unknown host"
20160314 11:19:56  ubug_html_download - sp_net_html_download -> "www.ccstock.cn" - "Unknown host"
20160314 11:19:56  ubug_html_download - sp_net_html_download -> "news.nbd.com.cn" - "No address associated with name"
20160314 11:20:03  ubug_html_download - sp_net_html_download -> "www.ccstock.cn" - "Unknown host"
20160314 11:20:03  ubug_html_download - sp_net_html_download -> "company.nbd.com.cn" - "No address associated with name"
20160314 11:20:03  ubug_html_download - sp_net_html_download -> "www.time-weekly.com" - "Unknown host"
20160314 11:20:03  ubug_html_download - sp_net_html_download -> "www.ccstock.cn" - "Unknown host"
20160314 11:20:29  ubug_html_download - sp_net_html_download -> "www.ccstock.cn" - "Unknown host"
20160314 11:20:29  ubug_html_download - sp_net_html_download -> "www.time-weekly.com" - "Unknown host"
20160314 11:20:41  ubug_html_download - sp_net_html_download -> "finance.qq.com" - "Unknown host"
20160314 11:20:48  ubug_html_download - sp_net_html_download -> "roll.cnr.cn" - "Unknown host"
20160314 11:21:08  ubug_html_download - sp_net_html_download -> "finance.youth.cn" - "Unknown host"
20160314 11:21:08  ubug_html_download - sp_net_html_download -> "finance.youth.cn" - "Unknown host"
20160314 11:21:14  ubug_html_download - sp_net_html_download -> "finance.youth.cn" - "Unknown host"
20160314 11:21:40  ubug_html_download - sp_net_html_download -> "finance.youth.cn" - "Unknown host"
20160314 11:21:53  ubug_html_download - sp_net_html_download -> "finance.gmw.cn" - "Unknown host"
20160314 11:22:13  ubug_html_download - sp_net_html_download -> "finance.ynet.com" - "Unknown host"
20160314 11:22:13  ubug_html_download - sp_net_html_download -> "finance.youth.cn" - "Unknown host"
20160314 11:22:51  ubug_html_download - sp_net_html_download -> "finance.ynet.com" - "Unknown host"
20160314 11:22:51  ubug_html_download - sp_net_html_download -> "finance.youth.cn" - "Unknown host"
20160314 11:22:52  ubug_html_download - sp_net_html_download -> "roll.cnr.cn" - "Unknown host"
20160314 11:22:58  ubug_html_download - sp_net_html_download -> "finance.ynet.com" - "Unknown host"
20160314 11:22:58  ubug_html_download - sp_net_html_download -> "finance.people.com.cn" - "Unknown host"
20160314 11:22:58  ubug_html_download - sp_net_html_download -> "finance.ifeng.com" - "Unknown host"
20160314 11:23:05  ubug_html_download - sp_net_html_download -> "finance.ifeng.com" - "Unknown host"
20160314 11:23:53  ubug_html_download - sp_net_html_download -> "finance.qq.com" - "Unknown host"
20160314 11:24:06  ubug_html_download - sp_net_html_download -> "www.xinhuanet.com" - "Unknown host"
20160314 11:24:20  ubug_html_download - sp_net_html_download -> "channel.chinanews.com" - "Unknown host"
20160314 11:24:26  ubug_html_download - sp_net_html_download -> "finance.ifeng.com" - "Unknown host"
20160314 11:24:27  ubug_html_download - sp_net_html_download -> "finance.ifeng.com" - "Unknown host"
20160314 11:24:27  ubug_html_download - sp_net_html_download -> "money.163.com" - "Unknown host"
20160314 11:24:27  ubug_html_download - sp_net_html_download -> "finance.ifeng.com" - "Unknown host"
20160314 11:24:34  ubug_html_download - sp_net_html_download -> "finance.ifeng.com" - "Unknown host"
20160314 11:24:34  ubug_html_download - sp_net_html_download -> "finance.china.com.cn" - "Unknown host"
20160314 11:24:34  ubug_html_download - sp_net_html_download -> "www.time-weekly.com" - "Unknown host"
20160314 11:24:40  ubug_html_download - sp_net_html_download -> "finance.china.com.cn" - "Unknown host"
20160314 11:24:40  ubug_html_download - sp_net_html_download -> "money.163.com" - "Unknown host"
20160314 11:24:40  ubug_html_download - sp_net_html_download -> "finance.china.com.cn" - "Unknown host"
20160314 11:24:40  ubug_html_download - sp_net_html_download -> "jingji.cntv.cn" - "Unknown host"
20160314 11:24:41  ubug_html_download - sp_net_html_download -> "stock.eastmoney.com" - "Unknown host"
20160314 11:24:41  ubug_html_download - sp_net_html_download -> "jingji.cntv.cn" - "Unknown host"
20160314 11:24:41  ubug_html_download - sp_net_html_download -> "money.163.com" - "Unknown host"
20160314 11:24:41  ubug_html_download - sp_net_html_download -> "stock.hexun.com" - "Unknown host"
20160314 11:25:03  ubug_html_download - sp_net_html_download -> "stock.eastmoney.com" - "Unknown host"
20160314 11:25:09  ubug_html_download - sp_net_html_download -> "channel.chinanews.com" - "Unknown host"
20160314 11:25:09  ubug_html_download - sp_net_html_download -> "www.yangtse.com" - "Unknown host"
20160314 11:25:09  ubug_html_download - sp_net_html_download -> "finance.ynet.com" - "Unknown host"
20160314 11:31:34  ubug_html_download - sp_net_html_download -> "www.yangtse.com" - "Unknown host"
20160314 11:31:34  ubug_html_download - sp_net_html_download -> "finance.ynet.com" - "Unknown host"
20160314 11:31:35  ubug_html_download - sp_net_html_download -> "finance.qq.com" - "Unknown host"
20160314 11:31:35  ubug_html_download - sp_net_html_download -> "www.p5w.net" - "Unknown host"
20160314 11:31:36  ubug_html_download - sp_net_html_download -> "www.ccstock.cn" - "Unknown host"
20160314 11:31:36  ubug_html_download - sp_net_html_download -> "www.eeo.com.cn" - "Unknown host"
20160314 11:31:36  ubug_html_download - sp_net_html_download -> "www.nbd.com.cn" - "Unknown host"
20160314 11:31:36  ubug_html_download - sp_net_html_download -> "www.time-weekly.com" - "Unknown host"
20160314 11:31:37  ubug_html_download - sp_net_html_download -> "finance.youth.cn" - "Unknown host"
20160314 11:31:37  ubug_html_download - sp_net_html_download -> "www.p5w.net" - "Unknown host"
20160314 11:31:37  ubug_html_download - sp_net_html_download -> "www.ccstock.cn" - "Unknown host"
20160314 11:31:37  ubug_html_download - sp_net_html_download -> "www.eeo.com.cn" - "Unknown host"
20160314 11:31:37  ubug_html_download - sp_net_html_download -> "www.p5w.net" - "Unknown host"
20160314 11:31:37  ubug_html_download - sp_net_html_download -> "www.ccstock.cn" - "Unknown host"
20160314 11:31:37  ubug_html_download - sp_net_html_download -> "www.eeo.com.cn" - "Unknown host"
20160314 11:31:37  ubug_html_download - sp_net_html_download -> "www.time-weekly.com" - "Unknown host"
20160314 11:31:38  ubug_html_download - sp_net_html_download -> "www.p5w.net" - "Unknown host"
20160314 11:31:38  ubug_html_download - sp_net_html_download -> "www.ccstock.cn" - "Unknown host"
20160314 11:31:38  ubug_html_download - sp_net_html_download -> "www.eeo.com.cn" - "Unknown host"
20160314 11:31:39  ubug_html_download - sp_net_html_download -> "www.time-weekly.com" - "Unknown host"
20160314 11:31:40  ubug_html_download - sp_net_html_download -> "stock.eastmoney.com" - "Unknown host"
20160314 11:31:40  ubug_html_download - sp_net_html_download -> "finance.youth.cn" - "Unknown host"
20160314 11:31:41  ubug_html_download - sp_net_html_download -> "www.ccstock.cn" - "Unknown host"
20160314 11:31:41  ubug_html_download - sp_net_html_download -> "news.nbd.com.cn" - "No address associated with name"
20160314 11:31:41  ubug_html_download - sp_net_html_download -> "www.ccstock.cn" - "Unknown host"
20160314 11:31:41  ubug_html_download - sp_net_html_download -> "company.nbd.com.cn" - "No address associated with name"
20160314 11:31:41  ubug_html_download - sp_net_html_download -> "www.time-weekly.com" - "Unknown host"
20160314 11:31:41  ubug_html_download - sp_net_html_download -> "www.ccstock.cn" - "Unknown host"
20160314 11:31:42  ubug_html_download - sp_net_html_download -> "www.ccstock.cn" - "Unknown host"
20160314 11:31:42  ubug_html_download - sp_net_html_download -> "www.time-weekly.com" - "Unknown host"
20160314 11:31:43  ubug_html_download - sp_net_html_download -> "finance.qq.com" - "Unknown host"
20160314 11:31:44  ubug_html_download - sp_net_html_download -> "roll.cnr.cn" - "Unknown host"
20160314 11:31:45  ubug_html_download - sp_net_html_download -> "finance.youth.cn" - "Unknown host"
20160314 11:31:45  ubug_html_download - sp_net_html_download -> "finance.youth.cn" - "Unknown host"
20160314 11:31:45  ubug_html_download - sp_net_html_download -> "finance.youth.cn" - "Unknown host"
20160314 11:31:47  ubug_html_download - sp_net_html_download -> "finance.youth.cn" - "Unknown host"
20160314 11:31:48  ubug_html_download - sp_net_html_download -> "finance.ynet.com" - "Unknown host"
20160314 11:31:48  ubug_html_download - sp_net_html_download -> "finance.youth.cn" - "Unknown host"
20160314 11:31:49  ubug_html_download - sp_net_html_download -> "finance.ynet.com" - "Unknown host"
20160314 11:31:50  ubug_html_download - sp_net_html_download -> "finance.youth.cn" - "Unknown host"
20160314 11:31:50  ubug_html_download - sp_net_html_download -> "roll.cnr.cn" - "Unknown host"
20160314 11:31:50  ubug_html_download - sp_net_html_download -> "finance.ynet.com" - "Unknown host"
20160314 11:31:50  ubug_html_download - sp_net_html_download -> "finance.people.com.cn" - "Unknown host"
20160314 11:31:50  ubug_html_download - sp_net_html_download -> "finance.ifeng.com" - "Unknown host"
20160314 11:31:50  ubug_html_download - sp_net_html_download -> "finance.ifeng.com" - "Unknown host"
20160314 11:31:52  ubug_html_download - sp_net_html_download -> "finance.qq.com" - "Unknown host"
20160314 11:31:53  ubug_html_download - sp_net_html_download -> "www.xinhuanet.com" - "Unknown host"
20160314 11:31:54  ubug_html_download - sp_net_html_download -> "stock.eastmoney.com" - "Unknown host"
20160314 11:31:54  ubug_html_download - sp_net_html_download -> "channel.chinanews.com" - "Unknown host"
20160314 11:31:55  ubug_html_download - sp_net_html_download -> "finance.ifeng.com" - "Unknown host"
20160314 11:31:55  ubug_html_download - sp_net_html_download -> "finance.ifeng.com" - "Unknown host"
20160314 11:31:55  ubug_html_download - sp_net_html_download -> "money.163.com" - "Unknown host"
20160314 11:31:55  ubug_html_download - sp_net_html_download -> "finance.ifeng.com" - "Unknown host"
20160314 11:31:55  ubug_html_download - sp_net_html_download -> "finance.ifeng.com" - "Unknown host"
20160314 11:31:55  ubug_html_download - sp_net_html_download -> "finance.china.com.cn" - "Unknown host"
20160314 11:31:55  ubug_html_download - sp_net_html_download -> "www.time-weekly.com" - "Unknown host"
20160314 11:31:55  ubug_html_download - sp_net_html_download -> "finance.china.com.cn" - "Unknown host"
20160314 11:31:55  ubug_html_download - sp_net_html_download -> "money.163.com" - "Unknown host"
20160314 11:31:55  ubug_html_download - sp_net_html_download -> "finance.china.com.cn" - "Unknown host"
20160314 11:31:56  ubug_html_download - sp_net_html_download -> "jingji.cntv.cn" - "Unknown host"
20160314 11:31:56  ubug_html_download - sp_net_html_download -> "jingji.cntv.cn" - "Unknown host"
20160314 11:31:56  ubug_html_download - sp_net_html_download -> "money.163.com" - "Unknown host"
20160314 11:31:56  ubug_html_download - sp_net_html_download -> "stock.hexun.com" - "Unknown host"
20160314 11:31:57  ubug_html_download - sp_net_html_download -> "channel.chinanews.com" - "Unknown host"
20160314 11:31:57  ubug_html_download - sp_net_html_download -> "www.yangtse.com" - "Unknown host"
20160314 11:31:57  ubug_html_download - sp_net_html_download -> "finance.ynet.com" - "Unknown host"
20160314 11:37:03  ubug_html_download - sp_net_html_download -> "www.xinhuanet.com" - "Unknown host"
20160314 11:37:04  ubug_html_download - sp_net_html_download -> "www.yangtse.com" - "Unknown host"
20160314 11:37:04  ubug_html_download - sp_net_html_download -> "finance.ynet.com" - "Unknown host"
20160314 11:37:05  ubug_html_download - sp_net_html_download -> "finance.qq.com" - "Unknown host"
20160314 11:37:05  ubug_html_download - sp_net_html_download -> "www.p5w.net" - "Unknown host"
20160314 11:37:05  ubug_html_download - sp_net_html_download -> "www.ccstock.cn" - "Unknown host"
20160314 11:37:05  ubug_html_download - sp_net_html_download -> "www.eeo.com.cn" - "Unknown host"
20160314 11:37:05  ubug_html_download - sp_net_html_download -> "www.nbd.com.cn" - "Unknown host"
20160314 11:37:05  ubug_html_download - sp_net_html_download -> "www.time-weekly.com" - "Unknown host"
20160314 11:37:06  ubug_html_download - sp_net_html_download -> "finance.youth.cn" - "Unknown host"
20160314 11:37:06  ubug_html_download - sp_net_html_download -> "www.p5w.net" - "Unknown host"
20160314 11:37:06  ubug_html_download - sp_net_html_download -> "www.ccstock.cn" - "Unknown host"
20160314 11:37:07  ubug_html_download - sp_net_html_download -> "www.eeo.com.cn" - "Unknown host"
20160314 11:37:07  ubug_html_download - sp_net_html_download -> "www.p5w.net" - "Unknown host"
20160314 11:37:07  ubug_html_download - sp_net_html_download -> "www.ccstock.cn" - "Unknown host"
20160314 11:37:07  ubug_html_download - sp_net_html_download -> "www.eeo.com.cn" - "Unknown host"
20160314 11:37:07  ubug_html_download - sp_net_html_download -> "www.time-weekly.com" - "Unknown host"
20160314 11:37:08  ubug_html_download - sp_net_html_download -> "www.p5w.net" - "Unknown host"
20160314 11:37:08  ubug_html_download - sp_net_html_download -> "www.ccstock.cn" - "Unknown host"
20160314 11:37:08  ubug_html_download - sp_net_html_download -> "www.eeo.com.cn" - "Unknown host"
20160314 11:37:09  ubug_html_download - sp_net_html_download -> "www.time-weekly.com" - "Unknown host"
20160314 11:37:11  ubug_html_download - sp_net_html_download -> "finance.youth.cn" - "Unknown host"
20160314 11:37:12  ubug_html_download - sp_net_html_download -> "www.ccstock.cn" - "Unknown host"
20160314 11:37:12  ubug_html_download - sp_net_html_download -> "news.nbd.com.cn" - "No address associated with name"
20160314 11:37:12  ubug_html_download - sp_net_html_download -> "www.ccstock.cn" - "Unknown host"
20160314 11:37:12  ubug_html_download - sp_net_html_download -> "company.nbd.com.cn" - "No address associated with name"
20160314 11:37:12  ubug_html_download - sp_net_html_download -> "www.time-weekly.com" - "Unknown host"
20160314 11:37:12  ubug_html_download - sp_net_html_download -> "www.ccstock.cn" - "Unknown host"
20160314 11:37:13  ubug_html_download - sp_net_html_download -> "www.ccstock.cn" - "Unknown host"
20160314 11:37:13  ubug_html_download - sp_net_html_download -> "www.time-weekly.com" - "Unknown host"
20160314 11:37:14  ubug_html_download - sp_net_html_download -> "finance.qq.com" - "Unknown host"
20160314 11:37:15  ubug_html_download - sp_net_html_download -> "finance.youth.cn" - "Unknown host"
20160314 11:37:15  ubug_html_download - sp_net_html_download -> "finance.youth.cn" - "Unknown host"
20160314 11:37:16  ubug_html_download - sp_net_html_download -> "finance.youth.cn" - "Unknown host"
20160314 11:37:17  ubug_html_download - sp_net_html_download -> "finance.youth.cn" - "Unknown host"
20160314 11:37:19  ubug_html_download - sp_net_html_download -> "finance.ynet.com" - "Unknown host"
20160314 11:37:19  ubug_html_download - sp_net_html_download -> "finance.youth.cn" - "Unknown host"
20160314 11:37:21  ubug_html_download - sp_net_html_download -> "finance.ynet.com" - "Unknown host"
20160314 11:37:21  ubug_html_download - sp_net_html_download -> "finance.youth.cn" - "Unknown host"
20160314 11:37:21  ubug_html_download - sp_net_html_download -> "finance.ynet.com" - "Unknown host"
20160314 11:37:21  ubug_html_download - sp_net_html_download -> "finance.people.com.cn" - "Unknown host"
20160314 11:37:21  ubug_html_download - sp_net_html_download -> "finance.ifeng.com" - "Unknown host"
20160314 11:37:22  ubug_html_download - sp_net_html_download -> "finance.ifeng.com" - "Unknown host"
20160314 11:37:24  ubug_html_download - sp_net_html_download -> "stock.cnfol.com" - "Unknown host"
20160314 11:37:25  ubug_html_download - sp_net_html_download -> "finance.qq.com" - "Unknown host"
20160314 11:37:27  ubug_html_download - sp_net_html_download -> "channel.chinanews.com" - "Unknown host"
20160314 11:37:28  ubug_html_download - sp_net_html_download -> "finance.ifeng.com" - "Unknown host"
20160314 11:37:28  ubug_html_download - sp_net_html_download -> "finance.ifeng.com" - "Unknown host"
20160314 11:37:28  ubug_html_download - sp_net_html_download -> "money.163.com" - "Unknown host"
20160314 11:37:28  ubug_html_download - sp_net_html_download -> "finance.ifeng.com" - "Unknown host"
20160314 11:37:28  ubug_html_download - sp_net_html_download -> "finance.ifeng.com" - "Unknown host"
20160314 11:37:28  ubug_html_download - sp_net_html_download -> "finance.china.com.cn" - "Unknown host"
20160314 11:37:28  ubug_html_download - sp_net_html_download -> "www.time-weekly.com" - "Unknown host"
20160314 11:37:28  ubug_html_download - sp_net_html_download -> "finance.china.com.cn" - "Unknown host"
20160314 11:37:28  ubug_html_download - sp_net_html_download -> "money.163.com" - "Unknown host"
20160314 11:37:28  ubug_html_download - sp_net_html_download -> "finance.china.com.cn" - "Unknown host"
20160314 11:37:28  ubug_html_download - sp_net_html_download -> "jingji.cntv.cn" - "Unknown host"
20160314 11:37:29  ubug_html_download - sp_net_html_download -> "jingji.cntv.cn" - "Unknown host"
20160314 11:37:29  ubug_html_download - sp_net_html_download -> "money.163.com" - "Unknown host"
20160314 11:37:29  ubug_html_download - sp_net_html_download -> "stock.hexun.com" - "Unknown host"
20160314 11:37:30  ubug_html_download - sp_net_html_download -> "channel.chinanews.com" - "Unknown host"
20160314 11:37:30  ubug_html_download - sp_net_html_download -> "www.yangtse.com" - "Unknown host"
20160314 11:37:30  ubug_html_download - sp_net_html_download -> "finance.ynet.com" - "Unknown host"
20160314 11:42:42  ubug_html_download - sp_net_html_download -> "www.guancha.cn" - "Unknown host"
20160314 11:42:44  ubug_html_download - sp_net_html_download -> "www.xinhuanet.com" - "Unknown host"
20160314 11:42:45  ubug_html_download - sp_net_html_download -> "www.yangtse.com" - "Unknown host"
20160314 11:42:45  ubug_html_download - sp_net_html_download -> "finance.ynet.com" - "Unknown host"
20160314 11:42:46  ubug_html_download - sp_net_html_download -> "finance.qq.com" - "Unknown host"
20160314 11:42:46  ubug_html_download - sp_net_html_download -> "www.p5w.net" - "Unknown host"
20160314 11:42:46  ubug_html_download - sp_net_html_download -> "www.ccstock.cn" - "Unknown host"
20160314 11:42:47  ubug_html_download - sp_net_html_download -> "www.eeo.com.cn" - "Unknown host"
20160314 11:42:47  ubug_html_download - sp_net_html_download -> "www.nbd.com.cn" - "Unknown host"
20160314 11:42:47  ubug_html_download - sp_net_html_download -> "www.time-weekly.com" - "Unknown host"
20160314 11:42:48  ubug_html_download - sp_net_html_download -> "finance.youth.cn" - "Unknown host"
20160314 11:42:48  ubug_html_download - sp_net_html_download -> "www.p5w.net" - "Unknown host"
20160314 11:42:48  ubug_html_download - sp_net_html_download -> "www.ccstock.cn" - "Unknown host"
20160314 11:42:48  ubug_html_download - sp_net_html_download -> "www.eeo.com.cn" - "Unknown host"
20160314 11:42:50  ubug_html_download - sp_net_html_download -> "www.guancha.cn" - "Unknown host"
20160314 11:42:50  ubug_html_download - sp_net_html_download -> "www.p5w.net" - "Unknown host"
20160314 11:42:50  ubug_html_download - sp_net_html_download -> "www.ccstock.cn" - "Unknown host"
20160314 11:42:50  ubug_html_download - sp_net_html_download -> "www.eeo.com.cn" - "Unknown host"
20160314 11:42:50  ubug_html_download - sp_net_html_download -> "www.time-weekly.com" - "Unknown host"
20160314 11:42:51  ubug_html_download - sp_net_html_download -> "www.p5w.net" - "Unknown host"
20160314 11:42:51  ubug_html_download - sp_net_html_download -> "www.ccstock.cn" - "Unknown host"
20160314 11:42:51  ubug_html_download - sp_net_html_download -> "www.eeo.com.cn" - "Unknown host"
20160314 11:42:51  ubug_html_download - sp_net_html_download -> "www.time-weekly.com" - "Unknown host"
20160314 11:42:52  ubug_html_download - sp_net_html_download -> "finance.youth.cn" - "Unknown host"
20160314 11:42:53  ubug_html_download - sp_net_html_download -> "www.ccstock.cn" - "Unknown host"
20160314 11:42:53  ubug_html_download - sp_net_html_download -> "news.nbd.com.cn" - "No address associated with name"
20160314 11:42:53  ubug_html_download - sp_net_html_download -> "www.ccstock.cn" - "Unknown host"
20160314 11:42:53  ubug_html_download - sp_net_html_download -> "company.nbd.com.cn" - "No address associated with name"
20160314 11:42:53  ubug_html_download - sp_net_html_download -> "www.time-weekly.com" - "Unknown host"
20160314 11:42:53  ubug_html_download - sp_net_html_download -> "www.ccstock.cn" - "Unknown host"
20160314 11:42:54  ubug_html_download - sp_net_html_download -> "www.ccstock.cn" - "Unknown host"
20160314 11:42:55  ubug_html_download - sp_net_html_download -> "www.time-weekly.com" - "Unknown host"
20160314 11:42:55  ubug_html_download - sp_net_html_download -> "finance.qq.com" - "Unknown host"
20160314 11:42:56  ubug_html_download - sp_net_html_download -> "finance.youth.cn" - "Unknown host"
20160314 11:42:57  ubug_html_download - sp_net_html_download -> "finance.youth.cn" - "Unknown host"
20160314 11:42:57  ubug_html_download - sp_net_html_download -> "finance.youth.cn" - "Unknown host"
20160314 11:42:58  ubug_html_download - sp_net_html_download -> "finance.youth.cn" - "Unknown host"
20160314 11:43:00  ubug_html_download - sp_net_html_download -> "finance.ynet.com" - "Unknown host"
20160314 11:43:00  ubug_html_download - sp_net_html_download -> "finance.youth.cn" - "Unknown host"
20160314 11:43:01  ubug_html_download - sp_net_html_download -> "finance.ynet.com" - "Unknown host"
20160314 11:43:01  ubug_html_download - sp_net_html_download -> "finance.youth.cn" - "Unknown host"
20160314 11:43:02  ubug_html_download - sp_net_html_download -> "finance.ynet.com" - "Unknown host"
20160314 11:43:02  ubug_html_download - sp_net_html_download -> "finance.people.com.cn" - "Unknown host"
20160314 11:43:02  ubug_html_download - sp_net_html_download -> "finance.ifeng.com" - "Unknown host"
20160314 11:43:02  ubug_html_download - sp_net_html_download -> "finance.ifeng.com" - "Unknown host"
20160314 11:43:04  ubug_html_download - sp_net_html_download -> "finance.qq.com" - "Unknown host"
20160314 11:43:06  ubug_html_download - sp_net_html_download -> "channel.chinanews.com" - "Unknown host"
20160314 11:43:06  ubug_html_download - sp_net_html_download -> "finance.ifeng.com" - "Unknown host"
20160314 11:43:06  ubug_html_download - sp_net_html_download -> "finance.ifeng.com" - "Unknown host"
20160314 11:43:06  ubug_html_download - sp_net_html_download -> "money.163.com" - "Unknown host"
20160314 11:43:06  ubug_html_download - sp_net_html_download -> "finance.ifeng.com" - "Unknown host"
20160314 11:43:07  ubug_html_download - sp_net_html_download -> "finance.ifeng.com" - "Unknown host"
20160314 11:43:07  ubug_html_download - sp_net_html_download -> "finance.china.com.cn" - "Unknown host"
20160314 11:43:07  ubug_html_download - sp_net_html_download -> "www.time-weekly.com" - "Unknown host"
20160314 11:43:07  ubug_html_download - sp_net_html_download -> "finance.china.com.cn" - "Unknown host"
20160314 11:43:07  ubug_html_download - sp_net_html_download -> "money.163.com" - "Unknown host"
20160314 11:43:07  ubug_html_download - sp_net_html_download -> "finance.china.com.cn" - "Unknown host"
20160314 11:43:07  ubug_html_download - sp_net_html_download -> "jingji.cntv.cn" - "Unknown host"
20160314 11:43:07  ubug_html_download - sp_net_html_download -> "jingji.cntv.cn" - "Unknown host"
20160314 11:43:07  ubug_html_download - sp_net_html_download -> "money.163.com" - "Unknown host"
20160314 11:43:08  ubug_html_download - sp_net_html_download -> "stock.hexun.com" - "Unknown host"
20160314 11:43:09  ubug_html_download - sp_net_html_download -> "channel.chinanews.com" - "Unknown host"
20160314 11:43:09  ubug_html_download - sp_net_html_download -> "www.yangtse.com" - "Unknown host"
20160314 11:43:09  ubug_html_download - sp_net_html_download -> "finance.ynet.com" - "Unknown host"
20160314 11:48:15  ubug_html_download - sp_net_html_download -> "www.guancha.cn" - "Unknown host"
20160314 11:48:20  ubug_html_download - sp_net_html_download -> "finance.qq.com" - "Unknown host"
20160314 11:48:22  ubug_html_download - sp_net_html_download -> "www.yangtse.com" - "Unknown host"
20160314 11:48:22  ubug_html_download - sp_net_html_download -> "finance.ynet.com" - "Unknown host"
20160314 11:48:24  ubug_html_download - sp_net_html_download -> "finance.qq.com" - "Unknown host"
20160314 11:48:24  ubug_html_download - sp_net_html_download -> "www.p5w.net" - "Unknown host"
20160314 11:48:24  ubug_html_download - sp_net_html_download -> "www.ccstock.cn" - "Unknown host"
20160314 11:48:24  ubug_html_download - sp_net_html_download -> "www.eeo.com.cn" - "Unknown host"
20160314 11:48:24  ubug_html_download - sp_net_html_download -> "www.nbd.com.cn" - "Unknown host"
20160314 11:48:24  ubug_html_download - sp_net_html_download -> "www.time-weekly.com" - "Unknown host"
20160314 11:48:25  ubug_html_download - sp_net_html_download -> "finance.youth.cn" - "Unknown host"
20160314 11:48:25  ubug_html_download - sp_net_html_download -> "www.p5w.net" - "Unknown host"
20160314 11:48:25  ubug_html_download - sp_net_html_download -> "www.ccstock.cn" - "Unknown host"
20160314 11:48:25  ubug_html_download - sp_net_html_download -> "www.eeo.com.cn" - "Unknown host"
20160314 11:48:26  ubug_html_download - sp_net_html_download -> "www.p5w.net" - "Unknown host"
20160314 11:48:26  ubug_html_download - sp_net_html_download -> "www.ccstock.cn" - "Unknown host"
20160314 11:48:26  ubug_html_download - sp_net_html_download -> "www.eeo.com.cn" - "Unknown host"
20160314 11:48:26  ubug_html_download - sp_net_html_download -> "www.time-weekly.com" - "Unknown host"
20160314 11:48:27  ubug_html_download - sp_net_html_download -> "www.guancha.cn" - "Unknown host"
20160314 11:48:28  ubug_html_download - sp_net_html_download -> "www.p5w.net" - "Unknown host"
20160314 11:48:28  ubug_html_download - sp_net_html_download -> "www.ccstock.cn" - "Unknown host"
20160314 11:48:28  ubug_html_download - sp_net_html_download -> "www.eeo.com.cn" - "Unknown host"
20160314 11:48:29  ubug_html_download - sp_net_html_download -> "www.time-weekly.com" - "Unknown host"
20160314 11:48:30  ubug_html_download - sp_net_html_download -> "finance.youth.cn" - "Unknown host"
20160314 11:48:31  ubug_html_download - sp_net_html_download -> "www.ccstock.cn" - "Unknown host"
20160314 11:48:31  ubug_html_download - sp_net_html_download -> "news.nbd.com.cn" - "No address associated with name"
20160314 11:48:32  ubug_html_download - sp_net_html_download -> "www.ccstock.cn" - "Unknown host"
20160314 11:48:32  ubug_html_download - sp_net_html_download -> "company.nbd.com.cn" - "No address associated with name"
20160314 11:48:32  ubug_html_download - sp_net_html_download -> "www.time-weekly.com" - "Unknown host"
20160314 11:48:32  ubug_html_download - sp_net_html_download -> "www.ccstock.cn" - "Unknown host"
20160314 11:48:33  ubug_html_download - sp_net_html_download -> "www.ccstock.cn" - "Unknown host"
20160314 11:48:33  ubug_html_download - sp_net_html_download -> "www.time-weekly.com" - "Unknown host"
20160314 11:48:35  ubug_html_download - sp_net_html_download -> "finance.qq.com" - "Unknown host"
20160314 11:48:36  ubug_html_download - sp_net_html_download -> "roll.cnr.cn" - "Unknown host"
20160314 11:48:37  ubug_html_download - sp_net_html_download -> "finance.youth.cn" - "Unknown host"
20160314 11:48:37  ubug_html_download - sp_net_html_download -> "finance.youth.cn" - "Unknown host"
20160314 11:48:38  ubug_html_download - sp_net_html_download -> "finance.youth.cn" - "Unknown host"
20160314 11:48:39  ubug_html_download - sp_net_html_download -> "finance.youth.cn" - "Unknown host"
20160314 11:48:41  ubug_html_download - sp_net_html_download -> "finance.ynet.com" - "Unknown host"
20160314 11:48:41  ubug_html_download - sp_net_html_download -> "finance.youth.cn" - "Unknown host"
20160314 11:48:43  ubug_html_download - sp_net_html_download -> "finance.ynet.com" - "Unknown host"
20160314 11:48:43  ubug_html_download - sp_net_html_download -> "finance.youth.cn" - "Unknown host"
20160314 11:48:44  ubug_html_download - sp_net_html_download -> "finance.ynet.com" - "Unknown host"
20160314 11:48:44  ubug_html_download - sp_net_html_download -> "finance.people.com.cn" - "Unknown host"
20160314 11:48:44  ubug_html_download - sp_net_html_download -> "finance.ifeng.com" - "Unknown host"
20160314 11:48:44  ubug_html_download - sp_net_html_download -> "finance.ifeng.com" - "Unknown host"
20160314 11:48:47  ubug_html_download - sp_net_html_download -> "finance.qq.com" - "Unknown host"
20160314 11:48:48  ubug_html_download - sp_net_html_download -> "www.xinhuanet.com" - "Unknown host"
20160314 11:48:49  ubug_html_download - sp_net_html_download -> "channel.chinanews.com" - "Unknown host"
20160314 11:48:49  ubug_html_download - sp_net_html_download -> "finance.ifeng.com" - "Unknown host"
20160314 11:48:49  ubug_html_download - sp_net_html_download -> "finance.ifeng.com" - "Unknown host"
20160314 11:48:49  ubug_html_download - sp_net_html_download -> "money.163.com" - "Unknown host"
20160314 11:48:49  ubug_html_download - sp_net_html_download -> "finance.ifeng.com" - "Unknown host"
20160314 11:48:50  ubug_html_download - sp_net_html_download -> "finance.ifeng.com" - "Unknown host"
20160314 11:48:50  ubug_html_download - sp_net_html_download -> "finance.china.com.cn" - "Unknown host"
20160314 11:48:50  ubug_html_download - sp_net_html_download -> "www.time-weekly.com" - "Unknown host"
20160314 11:48:50  ubug_html_download - sp_net_html_download -> "finance.china.com.cn" - "Unknown host"
20160314 11:48:50  ubug_html_download - sp_net_html_download -> "money.163.com" - "Unknown host"
20160314 11:48:50  ubug_html_download - sp_net_html_download -> "finance.china.com.cn" - "Unknown host"
20160314 11:48:50  ubug_html_download - sp_net_html_download -> "jingji.cntv.cn" - "Unknown host"
20160314 11:48:51  ubug_html_download - sp_net_html_download -> "jingji.cntv.cn" - "Unknown host"
20160314 11:48:51  ubug_html_download - sp_net_html_download -> "money.163.com" - "Unknown host"
20160314 11:48:51  ubug_html_download - sp_net_html_download -> "stock.hexun.com" - "Unknown host"
20160314 11:48:54  ubug_html_download - sp_net_html_download -> "finance.eastmoney.com" - "Unknown host"
20160314 11:48:56  ubug_html_download - sp_net_html_download -> "channel.chinanews.com" - "Unknown host"
20160314 11:48:56  ubug_html_download - sp_net_html_download -> "www.yangtse.com" - "Unknown host"
20160314 11:48:57  ubug_html_download - sp_net_html_download -> "finance.ynet.com" - "Unknown host"
20160314 11:54:17  ubug_html_download - sp_net_html_download -> "www.xinhuanet.com" - "Unknown host"
20160314 11:54:22  ubug_html_download - sp_net_html_download -> "www.yangtse.com" - "Unknown host"
20160314 11:54:22  ubug_html_download - sp_net_html_download -> "finance.ynet.com" - "Unknown host"
20160314 11:54:28  ubug_html_download - sp_net_html_download -> "finance.qq.com" - "Unknown host"
20160314 11:54:28  ubug_html_download - sp_net_html_download -> "www.p5w.net" - "Unknown host"
20160314 11:54:28  ubug_html_download - sp_net_html_download -> "www.ccstock.cn" - "Unknown host"
20160314 11:54:28  ubug_html_download - sp_net_html_download -> "www.eeo.com.cn" - "Unknown host"
20160314 11:54:28  ubug_html_download - sp_net_html_download -> "www.nbd.com.cn" - "Unknown host"
20160314 11:54:28  ubug_html_download - sp_net_html_download -> "www.time-weekly.com" - "Unknown host"
20160314 11:54:31  ubug_html_download - sp_net_html_download -> "finance.youth.cn" - "Unknown host"
20160314 11:54:31  ubug_html_download - sp_net_html_download -> "www.p5w.net" - "Unknown host"
20160314 11:54:31  ubug_html_download - sp_net_html_download -> "www.ccstock.cn" - "Unknown host"
20160314 11:54:31  ubug_html_download - sp_net_html_download -> "www.eeo.com.cn" - "Unknown host"
20160314 11:54:32  ubug_html_download - sp_net_html_download -> "www.p5w.net" - "Unknown host"
20160314 11:54:32  ubug_html_download - sp_net_html_download -> "www.ccstock.cn" - "Unknown host"
20160314 11:54:32  ubug_html_download - sp_net_html_download -> "www.eeo.com.cn" - "Unknown host"
20160314 11:54:32  ubug_html_download - sp_net_html_download -> "www.time-weekly.com" - "Unknown host"
20160314 11:54:33  ubug_html_download - sp_net_html_download -> "www.p5w.net" - "Unknown host"
20160314 11:54:33  ubug_html_download - sp_net_html_download -> "www.ccstock.cn" - "Unknown host"
20160314 11:54:33  ubug_html_download - sp_net_html_download -> "www.eeo.com.cn" - "Unknown host"
20160314 11:54:35  ubug_html_download - sp_net_html_download -> "www.time-weekly.com" - "Unknown host"
20160314 11:54:38  ubug_html_download - sp_net_html_download -> "finance.youth.cn" - "Unknown host"
20160314 11:54:40  ubug_html_download - sp_net_html_download -> "www.ccstock.cn" - "Unknown host"
20160314 11:54:40  ubug_html_download - sp_net_html_download -> "news.nbd.com.cn" - "No address associated with name"
20160314 11:54:42  ubug_html_download - sp_net_html_download -> "www.ccstock.cn" - "Unknown host"
20160314 11:54:42  ubug_html_download - sp_net_html_download -> "company.nbd.com.cn" - "No address associated with name"
20160314 11:54:42  ubug_html_download - sp_net_html_download -> "www.time-weekly.com" - "Unknown host"
20160314 11:54:42  ubug_html_download - sp_net_html_download -> "www.ccstock.cn" - "Unknown host"
20160314 11:54:46  ubug_html_download - sp_net_html_download -> "www.ccstock.cn" - "Unknown host"
20160314 11:54:46  ubug_html_download - sp_net_html_download -> "www.time-weekly.com" - "Unknown host"
20160314 11:54:48  ubug_html_download - sp_net_html_download -> "finance.qq.com" - "Unknown host"
20160314 11:54:49  ubug_html_download - sp_net_html_download -> "roll.cnr.cn" - "Unknown host"
20160314 11:54:53  ubug_html_download - sp_net_html_download -> "finance.youth.cn" - "Unknown host"
20160314 11:54:53  ubug_html_download - sp_net_html_download -> "finance.youth.cn" - "Unknown host"
20160314 11:54:54  ubug_html_download - sp_net_html_download -> "finance.youth.cn" - "Unknown host"
20160314 11:54:58  ubug_html_download - sp_net_html_download -> "finance.youth.cn" - "Unknown host"
20160314 11:55:05  ubug_html_download - sp_net_html_download -> "finance.ynet.com" - "Unknown host"
20160314 11:55:05  ubug_html_download - sp_net_html_download -> "finance.youth.cn" - "Unknown host"
20160314 11:55:10  ubug_html_download - sp_net_html_download -> "finance.ynet.com" - "Unknown host"
20160314 11:55:10  ubug_html_download - sp_net_html_download -> "finance.youth.cn" - "Unknown host"
20160314 11:55:12  ubug_html_download - sp_net_html_download -> "finance.ynet.com" - "Unknown host"
20160314 11:55:12  ubug_html_download - sp_net_html_download -> "finance.people.com.cn" - "Unknown host"
20160314 11:55:12  ubug_html_download - sp_net_html_download -> "finance.ifeng.com" - "Unknown host"
20160314 11:55:12  ubug_html_download - sp_net_html_download -> "finance.ifeng.com" - "Unknown host"
20160314 11:55:21  ubug_html_download - sp_net_html_download -> "finance.qq.com" - "Unknown host"
20160314 11:55:28  ubug_html_download - sp_net_html_download -> "channel.chinanews.com" - "Unknown host"
20160314 11:55:29  ubug_html_download - sp_net_html_download -> "finance.ifeng.com" - "Unknown host"
20160314 11:55:29  ubug_html_download - sp_net_html_download -> "finance.ifeng.com" - "Unknown host"
20160314 11:55:29  ubug_html_download - sp_net_html_download -> "money.163.com" - "Unknown host"
20160314 11:55:29  ubug_html_download - sp_net_html_download -> "finance.ifeng.com" - "Unknown host"
20160314 11:55:30  ubug_html_download - sp_net_html_download -> "finance.ifeng.com" - "Unknown host"
20160314 11:55:30  ubug_html_download - sp_net_html_download -> "finance.china.com.cn" - "Unknown host"
20160314 11:55:30  ubug_html_download - sp_net_html_download -> "www.time-weekly.com" - "Unknown host"
20160314 11:55:31  ubug_html_download - sp_net_html_download -> "finance.china.com.cn" - "Unknown host"
20160314 11:55:31  ubug_html_download - sp_net_html_download -> "money.163.com" - "Unknown host"
20160314 11:55:31  ubug_html_download - sp_net_html_download -> "finance.china.com.cn" - "Unknown host"
20160314 11:55:31  ubug_html_download - sp_net_html_download -> "jingji.cntv.cn" - "Unknown host"
20160314 11:55:32  ubug_html_download - sp_net_html_download -> "jingji.cntv.cn" - "Unknown host"
20160314 11:55:32  ubug_html_download - sp_net_html_download -> "money.163.com" - "Unknown host"
20160314 11:55:32  ubug_html_download - sp_net_html_download -> "stock.hexun.com" - "Unknown host"
20160314 11:55:38  ubug_html_download - sp_net_html_download -> "channel.chinanews.com" - "Unknown host"
20160314 11:55:38  ubug_html_download - sp_net_html_download -> "www.yangtse.com" - "Unknown host"
20160314 11:55:38  ubug_html_download - sp_net_html_download -> "finance.ynet.com" - "Unknown host"
20160314 12:00:54  ubug_html_download - sp_net_html_download -> "www.eeo.com.cn" - "Unknown host"
20160314 12:00:55  ubug_html_download - sp_net_html_download -> "www.nbd.com.cn" - "Unknown host"
20160314 12:00:57  ubug_html_download - sp_net_html_download -> "www.time-weekly.com" - "Unknown host"
20160314 12:00:59  ubug_html_download - sp_net_html_download -> "www.cneo.com.cn" - "Unknown host"
20160314 12:01:01  ubug_html_download - sp_net_html_download -> "www.21jingji.com" - "Unknown host"
20160314 12:01:04  ubug_html_download - sp_net_html_download -> "www.xinhuanet.com" - "Unknown host"
20160314 12:01:06  ubug_html_download - sp_net_html_download -> "www.yangtse.com" - "Unknown host"
20160314 12:01:06  ubug_html_download - sp_net_html_download -> "finance.ynet.com" - "Unknown host"
20160314 12:01:09  ubug_html_download - sp_net_html_download -> "economy.southcn.com" - "Unknown host"
20160314 12:01:18  ubug_html_download - sp_net_html_download -> "finance.qq.com" - "Unknown host"
20160314 12:01:18  ubug_html_download - sp_net_html_download -> "www.p5w.net" - "Unknown host"
20160314 12:01:18  ubug_html_download - sp_net_html_download -> "www.ccstock.cn" - "Unknown host"
20160314 12:01:18  ubug_html_download - sp_net_html_download -> "www.eeo.com.cn" - "Unknown host"
20160314 12:01:19  ubug_html_download - sp_net_html_download -> "www.nbd.com.cn" - "Unknown host"
20160314 12:01:19  ubug_html_download - sp_net_html_download -> "www.time-weekly.com" - "Unknown host"
20160314 12:01:22  ubug_html_download - sp_net_html_download -> "www.cneo.com.cn" - "Unknown host"
20160314 12:01:25  ubug_html_download - sp_net_html_download -> "www.21jingji.com" - "Unknown host"
20160314 12:01:29  ubug_html_download - sp_net_html_download -> "finance.youth.cn" - "Unknown host"
20160314 12:01:34  ubug_html_download - sp_net_html_download -> "www.p5w.net" - "Unknown host"
20160314 12:01:40  ubug_html_download - sp_net_html_download -> "www.ccstock.cn" - "Unknown host"
20160314 12:01:46  ubug_html_download - sp_net_html_download -> "www.eeo.com.cn" - "Unknown host"
20160314 12:01:52  ubug_html_download - sp_net_html_download -> "www.guancha.cn" - "Unknown host"
20160314 12:01:58  ubug_html_download - sp_net_html_download -> "www.p5w.net" - "Unknown host"
20160314 12:02:04  ubug_html_download - sp_net_html_download -> "www.ccstock.cn" - "Unknown host"
20160314 12:02:06  ubug_html_download - sp_net_html_download -> "www.eeo.com.cn" - "Unknown host"
20160314 12:02:10  ubug_html_download - sp_net_html_download -> "www.time-weekly.com" - "Unknown host"
20160314 12:02:15  ubug_html_download - sp_net_html_download -> "www.guancha.cn" - "Unknown host"
20160314 12:02:19  ubug_html_download - sp_net_html_download -> "finance.caixin.com" - "Unknown host"
20160314 12:02:25  ubug_html_download - sp_net_html_download -> "www.p5w.net" - "Unknown host"
20160314 12:02:28  ubug_html_download - sp_net_html_download -> "www.ccstock.cn" - "Unknown host"
20160314 12:02:31  ubug_html_download - sp_net_html_download -> "www.eeo.com.cn" - "Unknown host"
20160314 12:02:34  ubug_html_download - sp_net_html_download -> "auto.nbd.com.cn" - "Unknown host"
20160314 12:02:39  ubug_html_download - sp_net_html_download -> "finance.stcn.com" - "Unknown host"
20160314 12:02:43  ubug_html_download - sp_net_html_download -> "www.time-weekly.com" - "Unknown host"
20160314 12:02:47  ubug_html_download - sp_net_html_download -> "www.guancha.cn" - "Unknown host"
20160314 12:02:58  ubug_html_download - sp_net_html_download -> "stock.eastmoney.com" - "Unknown host"
20160314 12:03:05  ubug_html_download - sp_net_html_download -> "www.cneo.com.cn" - "Unknown host"
20160314 12:03:23  ubug_html_download - sp_net_html_download -> "international.caixin.com" - "No address associated with name"
20160314 12:03:24  ubug_html_download - sp_net_html_download -> "finance.youth.cn" - "Unknown host"
20160314 12:03:27  ubug_html_download - sp_net_html_download -> "news.stcn.com" - "Unknown host"
20160314 12:03:30  ubug_html_download - sp_net_html_download -> "xg.stock.cnfol.com" - "Unknown host"
20160314 12:03:37  ubug_html_download - sp_net_html_download -> "www.ccstock.cn" - "Unknown host"
20160314 12:03:40  ubug_html_download - sp_net_html_download -> "news.nbd.com.cn" - "No address associated with name"
20160314 12:03:42  ubug_html_download - sp_net_html_download -> "economy.caixin.com" - "Unknown host"
20160314 12:03:50  ubug_html_download - sp_net_html_download -> "www.ccstock.cn" - "Unknown host"
20160314 12:04:01  ubug_html_download - sp_net_html_download -> "company.nbd.com.cn" - "No address associated with name"
20160314 12:04:03  ubug_html_download - sp_net_html_download -> "www.time-weekly.com" - "Unknown host"
20160314 12:04:06  ubug_html_download - sp_net_html_download -> "www.ccstock.cn" - "Unknown host"
20160314 12:04:09  ubug_html_download - sp_net_html_download -> "www.cneo.com.cn" - "Unknown host"
20160314 12:04:23  ubug_html_download - sp_net_html_download -> "china.caixin.com" - "Unknown host"
20160314 12:04:27  ubug_html_download - sp_net_html_download -> "news.cnr.cn" - "Unknown host"
20160314 12:04:31  ubug_html_download - sp_net_html_download -> "finance.qq.com" - "Unknown host"
20160314 12:04:40  ubug_html_download - sp_net_html_download -> "www.ccstock.cn" - "Unknown host"
20160314 12:04:43  ubug_html_download - sp_net_html_download -> "www.time-weekly.com" - "Unknown host"
20160314 12:04:46  ubug_html_download - sp_net_html_download -> "www.guancha.cn" - "Unknown host"
20160314 12:04:48  ubug_html_download - sp_net_html_download -> "finance.qq.com" - "Unknown host"
20160314 12:04:52  ubug_html_download - sp_net_html_download -> "stock.stcn.com" - "Unknown host"
20160314 12:04:57  ubug_html_download - sp_net_html_download -> "finance.qq.com" - "Unknown host"
20160314 12:05:01  ubug_html_download - sp_net_html_download -> "economy.southcn.com" - "Unknown host"
20160314 12:05:05  ubug_html_download - sp_net_html_download -> "roll.cnr.cn" - "Unknown host"
20160314 12:05:08  ubug_html_download - sp_net_html_download -> "finance.sina.com.cn" - "Unknown host"
20160314 12:05:12  ubug_html_download - sp_net_html_download -> "www.cneo.com.cn" - "Unknown host"
20160314 12:05:15  ubug_html_download - sp_net_html_download -> "companies.caixin.com" - "Unknown host"
20160314 12:05:19  ubug_html_download - sp_net_html_download -> "www.21jingji.com" - "Unknown host"
20160314 12:05:22  ubug_html_download - sp_net_html_download -> "www.21jingji.com" - "Unknown host"
20160314 12:05:26  ubug_html_download - sp_net_html_download -> "finance.youth.cn" - "Unknown host"
20160314 12:05:30  ubug_html_download - sp_net_html_download -> "www.21jingji.com" - "Unknown host"
20160314 12:05:34  ubug_html_download - sp_net_html_download -> "finance.youth.cn" - "Unknown host"
20160314 12:05:39  ubug_html_download - sp_net_html_download -> "www.21jingji.com" - "Unknown host"
20160314 12:05:47  ubug_html_download - sp_net_html_download -> "finance.youth.cn" - "Unknown host"
20160314 12:05:53  ubug_html_download - sp_net_html_download -> "finance.china.com.cn" - "Unknown host"
20160314 12:06:00  ubug_html_download - sp_net_html_download -> "gold.cnfol.com" - "Unknown host"
20160314 12:06:08  ubug_html_download - sp_net_html_download -> "finance.youth.cn" - "Unknown host"
20160314 12:06:22  ubug_html_download - sp_net_html_download -> "finance.gmw.cn" - "Unknown host"
20160314 12:06:27  ubug_html_download - sp_net_html_download -> "finance.sina.com.cn" - "Unknown host"
20160314 12:06:32  ubug_html_download - sp_net_html_download -> "finance.qq.com" - "Unknown host"
20160314 12:06:52  ubug_html_download - sp_net_html_download -> "economy.southcn.com" - "No address associated with name"
20160314 12:06:54  ubug_html_download - sp_net_html_download -> "politics.people.com.cn" - "Unknown host"
20160314 12:07:04  ubug_html_download - sp_net_html_download -> "finance.ynet.com" - "Unknown host"
20160314 12:07:05  ubug_html_download - sp_net_html_download -> "finance.youth.cn" - "Unknown host"
20160314 12:07:12  ubug_html_download - sp_net_html_download -> "gold.hexun.com" - "Unknown host"
20160314 12:07:16  ubug_html_download - sp_net_html_download -> "hkstock.cnfol.com" - "Unknown host"
20160314 12:07:21  ubug_html_download - sp_net_html_download -> "forex.cnfol.com" - "Unknown host"
20160314 12:07:26  ubug_html_download - sp_net_html_download -> "fund.cfi.cn" - "Unknown host"
20160314 12:07:31  ubug_html_download - sp_net_html_download -> "finance.ynet.com" - "Unknown host"
20160314 12:07:35  ubug_html_download - sp_net_html_download -> "finance.youth.cn" - "Unknown host"
20160314 12:07:40  ubug_html_download - sp_net_html_download -> "roll.cnr.cn" - "Unknown host"
20160314 12:07:45  ubug_html_download - sp_net_html_download -> "world.people.com.cn" - "Unknown host"
20160314 12:07:49  ubug_html_download - sp_net_html_download -> "finance.ynet.com" - "Unknown host"
20160314 12:07:53  ubug_html_download - sp_net_html_download -> "finance.people.com.cn" - "Unknown host"
20160314 12:08:05  ubug_html_download - sp_net_html_download -> "finance.ifeng.com" - "Unknown host"
20160314 12:12:24  ubug_html_download - sp_net_html_download -> "finance.ifeng.com" - "No address associated with name"
20160314 12:13:19  ubug_html_download - sp_net_html_download -> "sc.stock.cnfol.com" - "Unknown host"
20160314 12:13:25  ubug_html_download - sp_net_html_download -> "finance.qq.com" - "Unknown host"
20160314 12:13:29  ubug_html_download - sp_net_html_download -> "finance.qq.com" - "Unknown host"
20160314 12:13:29  ubug_html_download - sp_net_html_download -> "www.xinhuanet.com" - "Unknown host"
20160314 12:13:31  ubug_html_download - sp_net_html_download -> "tech.hexun.com" - "Unknown host"
20160314 12:13:36  ubug_html_download - sp_net_html_download -> "finance.sina.com.cn" - "Unknown host"
20160314 12:13:38  ubug_html_download - sp_net_html_download -> "channel.chinanews.com" - "Unknown host"
20160314 12:13:44  ubug_html_download - sp_net_html_download -> "finance.ifeng.com" - "Unknown host"
20160314 12:13:46  ubug_html_download - sp_net_html_download -> "finance.ifeng.com" - "Unknown host"
20160314 12:13:46  ubug_html_download - sp_net_html_download -> "money.163.com" - "Unknown host"
20160314 12:13:48  ubug_html_download - sp_net_html_download -> "finance.ifeng.com" - "Unknown host"
20160314 12:13:49  ubug_html_download - sp_net_html_download -> "finance.ifeng.com" - "Unknown host"
20160314 12:13:49  ubug_html_download - sp_net_html_download -> "finance.china.com.cn" - "Unknown host"
20160314 12:13:49  ubug_html_download - sp_net_html_download -> "www.time-weekly.com" - "Unknown host"
20160314 12:13:50  ubug_html_download - sp_net_html_download -> "tech.china.com.cn" - "Unknown host"
20160314 12:13:53  ubug_html_download - sp_net_html_download -> "finance.china.com.cn" - "Unknown host"
20160314 12:13:54  ubug_html_download - sp_net_html_download -> "money.163.com" - "Unknown host"
20160314 12:13:55  ubug_html_download - sp_net_html_download -> "finance.china.com.cn" - "Unknown host"
20160314 12:13:55  ubug_html_download - sp_net_html_download -> "jingji.cntv.cn" - "Unknown host"
20160314 12:13:57  ubug_html_download - sp_net_html_download -> "jingji.cntv.cn" - "Unknown host"
20160314 12:13:57  ubug_html_download - sp_net_html_download -> "money.163.com" - "Unknown host"
20160314 12:13:57  ubug_html_download - sp_net_html_download -> "stock.hexun.com" - "Unknown host"
20160314 12:14:03  ubug_html_download - sp_net_html_download -> "stock.eastmoney.com" - "Unknown host"
20160314 12:14:03  ubug_html_download - sp_net_html_download -> "channel.chinanews.com" - "Unknown host"
20160314 12:14:03  ubug_html_download - sp_net_html_download -> "www.yangtse.com" - "Unknown host"
20160314 12:14:03  ubug_html_download - sp_net_html_download -> "finance.ynet.com" - "Unknown host"
20160314 12:14:11  ubug_html_download - sp_net_html_download -> "www.21jingji.com" - "Unknown host"
20160314 12:14:15  ubug_html_download - sp_net_html_download -> "www.21jingji.com" - "Unknown host"
20160314 12:14:23  ubug_html_download - sp_net_html_download -> "www.bbtnews.com.cn" - "Unknown host"
20160314 12:14:26  ubug_html_download - sp_net_html_download -> "www.bbtnews.com.cn" - "Unknown host"
