20151122 22:52:35  ubug_create_dbtable - creatTab -> "Function" - "You have an error in your SQL syntax; check the manual that corresponds to your MySQL server version for the right syntax to use near 'create table if not exists %s(ID bigint(32) not null primary key auto_increment,' at line 1"
20151123 00:00:20  ubug_list_entity_set - sp_net_set_sockif -> "Function" - "Resource temporarily unavailable"
20151123 00:00:20  ubug_list_entity_set - sp_net_set_sockif -> "Function" - "Resource temporarily unavailable"
20151123 00:00:20  ubug_list_entity_set - sp_net_set_sockif -> "Function" - "Resource temporarily unavailable"
20151123 00:00:20  ubug_list_entity_set - sp_net_set_sockif -> "Function" - "Resource temporarily unavailable"
20151123 00:00:20  ubug_list_entity_set - sp_net_set_sockif -> "Function" - "Resource temporarily unavailable"
20151123 00:00:20  ubug_list_entity_set - sp_net_set_sockif -> "Function" - "Resource temporarily unavailable"
20151123 00:00:20  ubug_list_entity_set - sp_net_set_sockif -> "Function" - "Resource temporarily unavailable"
20151123 00:00:20  ubug_list_entity_set - sp_net_set_sockif -> "Function" - "Resource temporarily unavailable"
20151123 00:00:20  ubug_list_entity_set - sp_net_set_sockif -> "Function" - "Resource temporarily unavailable"
20151123 00:00:20  ubug_list_entity_set - sp_net_set_sockif -> "Function" - "Resource temporarily unavailable"
20151123 00:00:20  ubug_list_entity_set - sp_net_set_sockif -> "Function" - "Resource temporarily unavailable"
20151123 00:00:20  ubug_list_entity_set - sp_net_set_sockif -> "Function" - "Resource temporarily unavailable"
20151123 00:00:20  ubug_list_entity_set - sp_net_set_sockif -> "Function" - "Resource temporarily unavailable"
20151123 00:00:20  ubug_list_entity_set - sp_net_set_sockif -> "Function" - "Resource temporarily unavailable"
20151123 00:00:20  ubug_list_entity_set - sp_net_set_sockif -> "Function" - "Resource temporarily unavailable"
20151123 00:05:29  ubug_list_entity_set - sp_net_set_sockif -> "Function" - "Resource temporarily unavailable"
20151123 00:05:29  ubug_list_entity_set - sp_net_set_sockif -> "Function" - "Resource temporarily unavailable"
20151123 00:05:29  ubug_list_entity_set - sp_net_set_sockif -> "Function" - "Resource temporarily unavailable"
20151123 00:05:29  ubug_list_entity_set - sp_net_set_sockif -> "Function" - "Resource temporarily unavailable"
20151123 00:05:29  ubug_list_entity_set - sp_net_set_sockif -> "Function" - "Resource temporarily unavailable"
20151123 00:05:29  ubug_list_entity_set - sp_net_set_sockif -> "Function" - "Resource temporarily unavailable"
20151123 00:05:29  ubug_list_entity_set - sp_net_set_sockif -> "Function" - "Resource temporarily unavailable"
20151123 00:05:29  ubug_list_entity_set - sp_net_set_sockif -> "Function" - "Resource temporarily unavailable"
20151123 00:05:29  ubug_list_entity_set - sp_net_set_sockif -> "Function" - "Resource temporarily unavailable"
20151123 00:05:29  ubug_list_entity_set - sp_net_set_sockif -> "Function" - "Resource temporarily unavailable"
20151123 00:05:29  ubug_list_entity_set - sp_net_set_sockif -> "Function" - "Resource temporarily unavailable"
20151123 00:05:29  ubug_list_entity_set - sp_net_set_sockif -> "Function" - "Resource temporarily unavailable"
20151123 00:05:29  ubug_list_entity_set - sp_net_set_sockif -> "Function" - "Resource temporarily unavailable"
20151123 00:05:29  ubug_list_entity_set - sp_net_set_sockif -> "Function" - "Resource temporarily unavailable"
20151123 00:05:29  ubug_list_entity_set - sp_net_set_sockif -> "Function" - "Resource temporarily unavailable"
20151124 07:31:16  ubug_init_database - mysql_simple_connect -> "urlDataBase" - "Failed"
20151124 07:32:18  cannot download website -> "http://www.csto.com/project/list?page=1" - "302"
20151124 07:32:18  cannot download website -> "http://www.csto.com/project/list?page=2" - "302"
20151124 07:32:19  cannot download website -> "http://www.csto.com/project/list?page=3" - "302"
20151124 07:32:19  cannot download website -> "http://www.csto.com/project/list?page=4" - "302"
20151124 07:32:19  cannot download website -> "http://www.csto.com/project/list?page=5" - "302"
20151124 07:32:19  cannot download website -> "http://www.csto.com/project/list?page=6" - "302"
20151124 07:32:20  cannot download website -> "http://www.csto.com/project/list?page=7" - "302"
20151124 07:32:20  cannot download website -> "http://www.csto.com/project/list?page=8" - "302"
20151124 07:32:21  ubug_send_httpreq - sp_http_interact -> "http://www.csto.com/project/list?page=9" - "Unknown host"
20151124 07:32:22  ubug_send_httpreq - sp_http_interact -> "http://www.csto.com/project/list?page=10" - "Unknown host"
20151124 07:32:24  cannot download website -> "http://www.csto.com/project/list?page=12" - "302"
20151124 07:32:25  cannot download website -> "http://www.csto.com/project/list?page=13" - "302"
20151124 07:32:25  cannot download website -> "http://www.csto.com/project/list?page=14" - "302"
20151124 07:32:26  cannot download website -> "http://www.csto.com/project/list?page=15" - "302"
20151124 07:40:34  cannot download website -> "http://www.csto.com/project/list?page=1" - "302"
20151124 07:40:35  cannot download website -> "http://www.csto.com/project/list?page=2" - "302"
20151124 07:40:35  cannot download website -> "http://www.csto.com/project/list?page=3" - "302"
20151124 07:40:35  cannot download website -> "http://www.csto.com/project/list?page=4" - "302"
20151124 07:40:35  cannot download website -> "http://www.csto.com/project/list?page=5" - "302"
20151124 07:40:36  cannot download website -> "http://www.csto.com/project/list?page=6" - "302"
20151124 07:40:36  cannot download website -> "http://www.csto.com/project/list?page=7" - "302"
20151124 07:40:36  cannot download website -> "http://www.csto.com/project/list?page=8" - "302"
20151124 07:40:36  cannot download website -> "http://www.csto.com/project/list?page=9" - "302"
20151124 07:40:37  cannot download website -> "http://www.csto.com/project/list?page=10" - "302"
20151124 07:40:37  cannot download website -> "http://www.csto.com/project/list?page=11" - "302"
20151124 07:40:37  cannot download website -> "http://www.csto.com/project/list?page=12" - "302"
20151124 07:40:38  cannot download website -> "http://www.csto.com/project/list?page=13" - "302"
20151124 07:40:38  cannot download website -> "http://www.csto.com/project/list?page=14" - "302"
20151124 07:40:39  cannot download website -> "http://www.csto.com/project/list?page=15" - "302"
20151124 07:45:14  cannot download website -> "http://www.csto.com/project/list?page=1" - "302"
20151124 07:45:15  cannot download website -> "http://www.csto.com/project/list?page=2" - "302"
20151124 07:45:15  cannot download website -> "http://www.csto.com/project/list?page=3" - "302"
20151124 07:45:15  cannot download website -> "http://www.csto.com/project/list?page=4" - "302"
20151124 07:45:15  cannot download website -> "http://www.csto.com/project/list?page=5" - "302"
20151124 07:45:16  cannot download website -> "http://www.csto.com/project/list?page=6" - "302"
20151124 07:45:16  cannot download website -> "http://www.csto.com/project/list?page=7" - "302"
20151124 07:45:16  cannot download website -> "http://www.csto.com/project/list?page=8" - "302"
20151124 07:45:16  cannot download website -> "http://www.csto.com/project/list?page=9" - "302"
20151124 07:45:17  cannot download website -> "http://www.csto.com/project/list?page=10" - "302"
20151124 07:45:17  cannot download website -> "http://www.csto.com/project/list?page=11" - "302"
20151124 07:45:17  cannot download website -> "http://www.csto.com/project/list?page=12" - "302"
20151124 07:45:17  cannot download website -> "http://www.csto.com/project/list?page=13" - "302"
20151124 07:45:17  cannot download website -> "http://www.csto.com/project/list?page=14" - "302"
20151124 07:45:18  cannot download website -> "http://www.csto.com/project/list?page=15" - "302"
